Sat, 05 Nov 2022 19:09:54 GMT##::1#GET#/leetcode/posts#200#74821#484.108#ms
Sat, 05 Nov 2022 19:18:22 GMT##::1#PUT#/leetcode/post/635ad3d439ecbeb774fc219d#500#1139#9.620#ms
Sat, 05 Nov 2022 19:19:35 GMT##::1#GET#/leetcode/post/635ad3d439ecbeb774fc219d#200#749#148.937#ms
Sat, 05 Nov 2022 19:25:10 GMT##::1#PUT#/leetcode/post/635ad3d439ecbeb774fc219d#500#1027#10.317#ms
Sat, 05 Nov 2022 19:25:44 GMT##::1#PUT#/leetcode/post/635ad3d439ecbeb774fc219d#500#1139#24.999#ms
Sat, 05 Nov 2022 19:26:27 GMT##::1#PUT#/leetcode/post/635ad3d439ecbeb774fc219d#500#1139#19.058#ms
Sat, 05 Nov 2022 19:29:43 GMT##::1#PUT#/leetcode/post/635ad3d439ecbeb774fc219d#500#1139#17.101#ms
Sat, 05 Nov 2022 19:30:15 GMT##::1#PUT#/leetcode/post/635ad3d439ecbeb774fc219d#500#1139#13.338#ms
Sat, 05 Nov 2022 19:34:39 GMT##::1#PUT#/leetcode/post/635ad3d439ecbeb774fc219d#500#58#182.474#ms
Sat, 05 Nov 2022 19:54:29 GMT##::1#DELETE#/leetcode/post/635ad3d439ecbeb774fc219d#404#180#5.821#ms
Sat, 05 Nov 2022 19:55:15 GMT##::1#DELETE#/leetcode/post/635ad3d439ecbeb774fc219d#404#23#163.774#ms
Sat, 05 Nov 2022 19:55:34 GMT##::1#GET#/leetcode/post/635ad3d439ecbeb774fc219d#200#749#145.777#ms
Sat, 05 Nov 2022 19:56:09 GMT##::1#DELETE#/leetcode/post/635ad3d439ecbeb774fc219d#404#23#143.055#ms
Sat, 05 Nov 2022 19:56:45 GMT##::1#DELETE#/leetcode/post/%22postId%22=635ad3d439ecbeb774fc219d#404#23#139.263#ms
Sat, 05 Nov 2022 19:56:55 GMT##::1#DELETE#/leetcode/post/%22postId%22=635ad3d439ecbeb774fc219d#404#23#140.459#ms
Sat, 05 Nov 2022 19:57:26 GMT##::1#GET#/leetcode/post/635ad3d439ecbeb774fc219d#200#749#139.773#ms
Sat, 05 Nov 2022 19:57:41 GMT##::1#DELETE#/leetcode/post/%22postId%22=635ad3d439ecbeb774fc219d#500#1139#19.729#ms
Sat, 05 Nov 2022 19:58:07 GMT##::1#DELETE#/leetcode/post/%22postId%22=635ad3d439ecbeb774fc219d#500#140#28.311#ms
Sat, 05 Nov 2022 19:58:24 GMT##::1#DELETE#/leetcode/post/635ad3d439ecbeb774fc219d#403#28#153.055#ms
Sat, 05 Nov 2022 19:59:48 GMT##::1#GET#/leetcode/post/635ad3d439ecbeb774fc219d#200#749#151.417#ms
Sat, 05 Nov 2022 19:59:52 GMT##::1#DELETE#/leetcode/post/635ad3d439ecbeb774fc219d#403#28#141.536#ms
Sat, 05 Nov 2022 20:00:37 GMT##::1#DELETE#/leetcode/post/635ad3d439ecbeb774fc219d#403#28#180.007#ms
Sat, 05 Nov 2022 20:00:57 GMT##::1#DELETE#/leetcode/post/635ad3d439ecbeb774fc219d#403#28#162.974#ms
Sat, 05 Nov 2022 20:01:21 GMT##::1#DELETE#/leetcode/post/635ad3d439ecbeb774fc219d#403#28#190.938#ms
Sat, 05 Nov 2022 20:02:09 GMT##::1#DELETE#/leetcode/post/635ad3d439ecbeb774fc219d#200#249#582.896#ms
Sat, 05 Nov 2022 20:02:18 GMT##::1#GET#/leetcode/post/635ad3d439ecbeb774fc219d#404#38#192.851#ms
Sun, 20 Nov 2022 18:09:24 GMT##::1#GET#/admin/logs/#500#82#13.678#ms
Sun, 20 Nov 2022 18:11:22 GMT##::1#GET#/admin/logs/#500#117#11.829#ms
Sun, 20 Nov 2022 18:12:33 GMT##::1#GET#/admin/logs/#200#2858#6.831#ms
Mon, 21 Nov 2022 08:51:03 GMT##::1#GET#/admin/logs/#200#3221#4.469#ms
Mon, 21 Nov 2022 09:26:54 GMT##::1#GET#/admin/logs/#500#39#-#15.349#ms
Mon, 21 Nov 2022 09:27:31 GMT##::1#GET#/admin/logs/#500#55#-#15.848#ms
Mon, 21 Nov 2022 09:28:05 GMT##::1#GET#/admin/logs/#500#83#-#15.826#ms
Mon, 21 Nov 2022 09:32:07 GMT##::1#GET#/admin/logs/#200#4413#-#10.685#ms
Mon, 21 Nov 2022 09:53:38 GMT##::1#GET#/admin/logs/#200#4794#-#3.746#ms
Sat, 26 Nov 2022 06:00:41 GMT##::1#GET#/leetcode/feed#404#152#-#16.431#ms
Sat, 26 Nov 2022 06:00:52 GMT##::1#GET#/leetcode/posts#200#74105#-#623.858#ms
Sat, 26 Nov 2022 06:34:44 GMT##::1#GET#/admin/logs/#200#5148#-#12.140#ms
